ubuntu@namenode:/exports/projects/hadoop-3.2.3$ sudo bin/hadoop jar HaddopSort.jar HadoopSort /home/input/24GB.in /home/output
2022-11-13 01:32:37,182 INFO client.RMProxy: Connecting to ResourceManager at /10.36.76.180:8032
2022-11-13 01:32:37,585 WARN mapreduce.JobResourceUploader: Hadoop command-line option parsing not performed. Implement the Tool interface and execute your application with ToolRunner to remedy this.
2022-11-13 01:32:37,686 INFO mapreduce.JobResourceUploader: Disabling Erasure Coding for path: /tmp/hadoop-yarn/staging/root/.staging/job_1674297540599_0023
2022-11-13 01:32:38,153 INFO input.FileInputFormat: Total input files to process : 1
2022-11-13 01:32:38,602 INFO mapreduce.JobSubmitter: number of splits:384
2022-11-13 01:32:39,278 INFO mapreduce.JobSubmitter: Submitting tokens for job: job_1674297540599_0023
2022-11-13 01:32:39,280 INFO mapreduce.JobSubmitter: Executing with tokens: []
2022-11-13 01:32:39,509 INFO conf.Configuration: resource-types.xml not found
2022-11-13 01:32:39,510 INFO resource.ResourceUtils: Unable to find 'resource-types.xml'.
2022-11-13 01:32:39,602 INFO impl.YarnClientImpl: Submitted application application_1674297540599_0023
2022-11-13 01:32:39,645 INFO mapreduce.Job: The url to track the job: http://demo-namenode.local:8088/proxy/application_1674297540599_0023/
2022-11-13 01:32:39,646 INFO mapreduce.Job: Running job: job_1674297540599_0023
2022-11-13 01:32:47,768 INFO mapreduce.Job: Job job_1674297540599_0023 running in uber mode : false
2022-11-13 01:32:47,769 INFO mapreduce.Job:  map 0% reduce 0%
2022-11-13 01:33:07,983 INFO mapreduce.Job:  map 1% reduce 0%
2022-11-13 01:33:11,003 INFO mapreduce.Job:  map 2% reduce 0%
2022-11-13 01:33:13,028 INFO mapreduce.Job:  map 3% reduce 0%
2022-11-13 01:33:17,051 INFO mapreduce.Job:  map 4% reduce 0%
2022-11-13 01:33:21,074 INFO mapreduce.Job:  map 5% reduce 0%
2022-11-13 01:33:24,092 INFO mapreduce.Job:  map 6% reduce 0%
2022-11-13 01:33:28,116 INFO mapreduce.Job:  map 7% reduce 0%
2022-11-13 01:33:30,128 INFO mapreduce.Job:  map 8% reduce 0%
2022-11-13 01:33:35,156 INFO mapreduce.Job:  map 9% reduce 0%
2022-11-13 01:33:39,196 INFO mapreduce.Job:  map 10% reduce 0%
2022-11-13 01:33:43,216 INFO mapreduce.Job:  map 11% reduce 0%
2022-11-13 01:33:47,236 INFO mapreduce.Job:  map 12% reduce 0%
2022-11-13 01:33:48,252 INFO mapreduce.Job:  map 13% reduce 0%
2022-11-13 01:33:53,294 INFO mapreduce.Job:  map 13% reduce 1%
2022-11-13 01:33:56,319 INFO mapreduce.Job:  map 13% reduce 1%
2022-11-13 01:34:02,347 INFO mapreduce.Job:  map 13% reduce 2%
2022-11-13 01:34:06,366 INFO mapreduce.Job:  map 15% reduce 2%
2022-11-13 01:34:22,449 INFO mapreduce.Job:  map 16% reduce 2%
2022-11-13 01:34:26,470 INFO mapreduce.Job:  map 17% reduce 2%
2022-11-13 01:34:29,489 INFO mapreduce.Job:  map 18% reduce 2%
2022-11-13 01:34:32,506 INFO mapreduce.Job:  map 19% reduce 3%
2022-11-13 01:34:33,510 INFO mapreduce.Job:  map 20% reduce 3%
2022-11-13 01:34:34,527 INFO mapreduce.Job:  map 20% reduce 4%
2022-11-13 01:34:44,585 INFO mapreduce.Job:  map 21% reduce 4%
2022-11-13 01:34:56,638 INFO mapreduce.Job:  map 22% reduce 4%
2022-11-13 01:35:02,664 INFO mapreduce.Job:  map 23% reduce 5%
2022-11-13 01:35:08,689 INFO mapreduce.Job:  map 24% reduce 5%
2022-11-13 01:35:13,716 INFO mapreduce.Job:  map 24% reduce 6%
2022-11-13 01:35:17,731 INFO mapreduce.Job:  map 25% reduce 6%
2022-11-13 01:35:21,749 INFO mapreduce.Job:  map 26% reduce 6%
2022-11-13 01:35:24,766 INFO mapreduce.Job:  map 27% reduce 6%
2022-11-13 01:35:26,776 INFO mapreduce.Job:  map 27% reduce 7%
2022-11-13 01:35:28,785 INFO mapreduce.Job:  map 28% reduce 7%
2022-11-13 01:35:32,802 INFO mapreduce.Job:  map 28% reduce 8%
2022-11-13 01:35:48,865 INFO mapreduce.Job:  map 29% reduce 8%
2022-11-13 01:35:53,885 INFO mapreduce.Job:  map 30% reduce 8%
2022-11-13 01:36:04,930 INFO mapreduce.Job:  map 31% reduce 8%
2022-11-13 01:36:06,938 INFO mapreduce.Job:  map 32% reduce 9%
2022-11-13 01:36:08,944 INFO mapreduce.Job:  map 32% reduce 10%
2022-11-13 01:36:11,953 INFO mapreduce.Job:  map 33% reduce 10%
2022-11-13 01:36:22,994 INFO mapreduce.Job:  map 34% reduce 10%
2022-11-13 01:36:26,005 INFO mapreduce.Job:  map 35% reduce 10%
2022-11-13 01:36:29,032 INFO mapreduce.Job:  map 36% reduce 10%
2022-11-13 01:36:33,046 INFO mapreduce.Job:  map 36% reduce 11%
2022-11-13 01:36:35,053 INFO mapreduce.Job:  map 37% reduce 11%
2022-11-13 01:36:40,078 INFO mapreduce.Job:  map 38% reduce 11%
2022-11-13 01:36:49,113 INFO mapreduce.Job:  map 39% reduce 11%
2022-11-13 01:36:51,120 INFO mapreduce.Job:  map 39% reduce 12%
2022-11-13 01:37:06,172 INFO mapreduce.Job:  map 40% reduce 12%
2022-11-13 01:37:09,183 INFO mapreduce.Job:  map 41% reduce 12%
2022-11-13 01:37:12,193 INFO mapreduce.Job:  map 42% reduce 12%
2022-11-13 01:37:13,196 INFO mapreduce.Job:  map 42% reduce 13%
2022-11-13 01:37:22,227 INFO mapreduce.Job:  map 43% reduce 13%
2022-11-13 01:37:27,243 INFO mapreduce.Job:  map 43% reduce 13%
2022-11-13 01:37:29,250 INFO mapreduce.Job:  map 44% reduce 13%
2022-11-13 01:37:33,262 INFO mapreduce.Job:  map 45% reduce 13%
2022-11-13 01:37:52,329 INFO mapreduce.Job:  map 46% reduce 13%
2022-11-13 01:37:57,346 INFO mapreduce.Job:  map 47% reduce 13%
2022-11-13 01:38:00,360 INFO mapreduce.Job:  map 48% reduce 13%
2022-11-13 01:38:02,368 INFO mapreduce.Job:  map 49% reduce 13%
2022-11-13 01:38:03,371 INFO mapreduce.Job:  map 49% reduce 15%
2022-11-13 01:38:09,397 INFO mapreduce.Job:  map 49% reduce 16%
2022-11-13 01:38:12,408 INFO mapreduce.Job:  map 50% reduce 16%
2022-11-13 01:38:23,444 INFO mapreduce.Job:  map 51% reduce 16%
2022-11-13 01:38:29,465 INFO mapreduce.Job:  map 52% reduce 16%
2022-11-13 01:38:34,482 INFO mapreduce.Job:  map 53% reduce 16%
2022-11-13 01:38:36,489 INFO mapreduce.Job:  map 54% reduce 17%
2022-11-13 01:38:40,501 INFO mapreduce.Job:  map 55% reduce 17%
2022-11-13 01:38:45,516 INFO mapreduce.Job:  map 55% reduce 18%
2022-11-13 01:38:50,532 INFO mapreduce.Job:  map 56% reduce 18%
2022-11-13 01:39:07,584 INFO mapreduce.Job:  map 57% reduce 18%
2022-11-13 01:39:13,605 INFO mapreduce.Job:  map 58% reduce 18%
2022-11-13 01:39:18,622 INFO mapreduce.Job:  map 59% reduce 18%
2022-11-13 01:39:24,641 INFO mapreduce.Job:  map 60% reduce 18%
2022-11-13 01:39:30,660 INFO mapreduce.Job:  map 61% reduce 19%
2022-11-13 01:39:36,678 INFO mapreduce.Job:  map 62% reduce 19%
2022-11-13 01:39:41,705 INFO mapreduce.Job:  map 63% reduce 19%
2022-11-13 01:39:47,723 INFO mapreduce.Job:  map 64% reduce 19%
2022-11-13 01:39:50,742 INFO mapreduce.Job:  map 65% reduce 19%
2022-11-13 01:39:54,761 INFO mapreduce.Job:  map 65% reduce 20%
2022-11-13 01:40:02,785 INFO mapreduce.Job:  map 66% reduce 20%
2022-11-13 01:40:06,802 INFO mapreduce.Job:  map 67% reduce 21%
2022-11-13 01:40:09,811 INFO mapreduce.Job:  map 68% reduce 21%
2022-11-13 01:40:12,820 INFO mapreduce.Job:  map 68% reduce 22%
2022-11-13 01:40:18,839 INFO mapreduce.Job:  map 69% reduce 22%
2022-11-13 01:40:35,891 INFO mapreduce.Job:  map 70% reduce 22%
2022-11-13 01:40:38,924 INFO mapreduce.Job:  map 71% reduce 22%
2022-11-13 01:40:42,936 INFO mapreduce.Job:  map 72% reduce 23%
2022-11-13 01:40:51,961 INFO mapreduce.Job:  map 73% reduce 23%
2022-11-13 01:40:54,970 INFO mapreduce.Job:  map 73% reduce 24%
2022-11-13 01:41:00,987 INFO mapreduce.Job:  map 74% reduce 24%
2022-11-13 01:41:19,040 INFO mapreduce.Job:  map 75% reduce 24%
2022-11-13 01:41:22,050 INFO mapreduce.Job:  map 76% reduce 24%
2022-11-13 01:41:25,058 INFO mapreduce.Job:  map 76% reduce 25%
2022-11-13 01:41:27,064 INFO mapreduce.Job:  map 77% reduce 25%
2022-11-13 01:41:35,087 INFO mapreduce.Job:  map 78% reduce 25%
2022-11-13 01:41:47,120 INFO mapreduce.Job:  map 79% reduce 25%
2022-11-13 01:41:52,158 INFO mapreduce.Job:  map 80% reduce 25%
2022-11-13 01:41:55,167 INFO mapreduce.Job:  map 80% reduce 26%
2022-11-13 01:41:57,173 INFO mapreduce.Job:  map 81% reduce 26%
2022-11-13 01:42:03,189 INFO mapreduce.Job:  map 82% reduce 26%
2022-11-13 01:42:08,211 INFO mapreduce.Job:  map 83% reduce 26%
2022-11-13 01:42:13,226 INFO mapreduce.Job:  map 83% reduce 27%
2022-11-13 01:42:13,229 INFO mapreduce.Job:  map 84% reduce 27%
2022-11-13 01:42:19,242 INFO mapreduce.Job:  map 84% reduce 28%
2022-11-13 01:42:34,282 INFO mapreduce.Job:  map 85% reduce 28%
2022-11-13 01:42:38,294 INFO mapreduce.Job:  map 86% reduce 28%
2022-11-13 01:42:45,313 INFO mapreduce.Job:  map 87% reduce 28%
2022-11-13 01:42:50,329 INFO mapreduce.Job:  map 88% reduce 28%
2022-11-13 01:42:55,343 INFO mapreduce.Job:  map 89% reduce 28%
2022-11-13 01:42:56,346 INFO mapreduce.Job:  map 90% reduce 28%
2022-11-13 01:42:58,353 INFO mapreduce.Job:  map 91% reduce 28%
2022-11-13 01:43:01,362 INFO mapreduce.Job:  map 91% reduce 30%
2022-11-13 01:43:30,437 INFO mapreduce.Job:  map 92% reduce 30%
2022-11-13 01:43:31,441 INFO mapreduce.Job:  map 92% reduce 31%
2022-11-13 01:43:43,478 INFO mapreduce.Job:  map 93% reduce 31%
2022-11-13 01:43:51,501 INFO mapreduce.Job:  map 94% reduce 31%
2022-11-13 01:44:21,577 INFO mapreduce.Job:  map 95% reduce 31%
2022-11-13 01:44:27,593 INFO mapreduce.Job:  map 96% reduce 31%
2022-11-13 01:44:31,604 INFO mapreduce.Job:  map 96% reduce 32%
2022-11-13 01:44:51,658 INFO mapreduce.Job:  map 98% reduce 32%
2022-11-13 01:44:57,674 INFO mapreduce.Job:  map 99% reduce 32%
2022-11-13 01:45:04,692 INFO mapreduce.Job:  map 100% reduce 32%
2022-11-13 01:45:07,701 INFO mapreduce.Job:  map 100% reduce 35%
2022-11-13 01:45:13,716 INFO mapreduce.Job:  map 100% reduce 50%
2022-11-13 01:45:19,732 INFO mapreduce.Job:  map 100% reduce 51%
2022-11-13 01:46:01,834 INFO mapreduce.Job:  map 100% reduce 52%
2022-11-13 01:46:19,878 INFO mapreduce.Job:  map 100% reduce 53%
2022-11-13 01:46:37,930 INFO mapreduce.Job:  map 100% reduce 54%
2022-11-13 01:47:02,221 INFO mapreduce.Job:  map 100% reduce 55%
2022-11-13 01:47:20,266 INFO mapreduce.Job:  map 100% reduce 56%
2022-11-13 01:47:32,295 INFO mapreduce.Job:  map 100% reduce 57%
2022-11-13 01:47:56,357 INFO mapreduce.Job:  map 100% reduce 58%
2022-11-13 01:48:20,415 INFO mapreduce.Job:  map 100% reduce 59%
2022-11-13 01:48:44,472 INFO mapreduce.Job:  map 100% reduce 60%
2022-11-13 01:49:02,521 INFO mapreduce.Job:  map 100% reduce 61%
2022-11-13 01:49:26,579 INFO mapreduce.Job:  map 100% reduce 62%
2022-11-13 01:50:02,665 INFO mapreduce.Job:  map 100% reduce 63%
2022-11-13 01:50:26,726 INFO mapreduce.Job:  map 100% reduce 64%
2022-11-13 01:50:38,755 INFO mapreduce.Job:  map 100% reduce 65%
2022-11-13 01:50:50,784 INFO mapreduce.Job:  map 100% reduce 66%
2022-11-13 01:51:02,812 INFO mapreduce.Job:  map 100% reduce 68%
2022-11-13 01:51:20,856 INFO mapreduce.Job:  map 100% reduce 69%
2022-11-13 01:51:26,870 INFO mapreduce.Job:  map 100% reduce 70%
2022-11-13 01:51:32,885 INFO mapreduce.Job:  map 100% reduce 72%
2022-11-13 01:51:50,929 INFO mapreduce.Job:  map 100% reduce 73%
2022-11-13 01:51:56,945 INFO mapreduce.Job:  map 100% reduce 74%
2022-11-13 01:52:02,961 INFO mapreduce.Job:  map 100% reduce 75%
2022-11-13 01:52:33,034 INFO mapreduce.Job:  map 100% reduce 76%
2022-11-13 01:53:16,135 INFO mapreduce.Job:  map 100% reduce 77%
2022-11-13 01:53:40,193 INFO mapreduce.Job:  map 100% reduce 78%
2022-11-13 01:54:16,330 INFO mapreduce.Job:  map 100% reduce 79%
2022-11-13 01:54:46,400 INFO mapreduce.Job:  map 100% reduce 80%
2022-11-13 01:55:16,471 INFO mapreduce.Job:  map 100% reduce 81%
2022-11-13 01:55:46,547 INFO mapreduce.Job:  map 100% reduce 82%
2022-11-13 01:56:10,603 INFO mapreduce.Job:  map 100% reduce 83%
2022-11-13 01:57:10,754 INFO mapreduce.Job:  map 100% reduce 84%
2022-11-13 01:59:11,270 INFO mapreduce.Job:  map 100% reduce 85%
2022-11-13 02:00:29,458 INFO mapreduce.Job:  map 100% reduce 86%
2022-11-13 02:01:47,654 INFO mapreduce.Job:  map 100% reduce 87%
2022-11-13 02:03:06,859 INFO mapreduce.Job:  map 100% reduce 88%
2022-11-13 02:04:13,010 INFO mapreduce.Job:  map 100% reduce 89%
2022-11-13 02:05:37,197 INFO mapreduce.Job:  map 100% reduce 90%
2022-11-13 02:07:07,681 INFO mapreduce.Job:  map 100% reduce 91%
2022-11-13 02:08:32,195 INFO mapreduce.Job:  map 100% reduce 92%
2022-11-13 02:10:02,394 INFO mapreduce.Job:  map 100% reduce 93%
2022-11-13 02:11:38,595 INFO mapreduce.Job:  map 100% reduce 94%
2022-11-13 02:13:16,065 INFO mapreduce.Job:  map 100% reduce 95%
2022-11-13 02:13:57,353 INFO mapreduce.Job:  map 100% reduce 96%
2022-11-13 02:16:33,853 INFO mapreduce.Job:  map 100% reduce 97%
2022-11-13 02:18:16,387 INFO mapreduce.Job:  map 100% reduce 98%
2022-11-13 02:20:05,625 INFO mapreduce.Job:  map 100% reduce 99%
2022-11-13 02:21:53,843 INFO mapreduce.Job:  map 100% reduce 100%
2022-11-13 02:23:05,994 INFO mapreduce.Job: Job job_1674297540599_0023 completed successfully
2022-11-13 02:23:06,118 INFO mapreduce.Job: Counters: 57
	File System Counters
		FILE: Number of bytes read=37675676241
		FILE: Number of bytes written=667244352656
		FILE: Number of read operations=0
		FILE: Number of large read operations=0
		FILE: Number of write operations=0
		HDFS: Number of bytes read=26821037636
		HDFS: Number of bytes written=24768502710
		HDFS: Number of read operations=1178
		HDFS: Number of large read operations=0
		HDFS: Number of write operations=13
		HDFS: Number of bytes read erasure-coded=0
	Job Counters 
		Killed map tasks=1
		Killed reduce tasks=1
		Launched map tasks=387
		Launched reduce tasks=8
		Data-local map tasks=322
		Rack-local map tasks=65
		Total time spent by all maps in occupied slots (ms)=3777361
		Total time spent by all reduces in occupied slots (ms)=2516375
		Total time spent by all map tasks (ms)=3778369
		Total time spent by all reduce tasks (ms)=2505684
		Total vcore-milliseconds taken by all map tasks=3728370
		Total vcore-milliseconds taken by all reduce tasks=2507864
		Total megabyte-milliseconds taken by all map tasks=3878031821
		Total megabyte-milliseconds taken by all reduce tasks=2567134294
	Map-Reduce Framework
		Map input records=257896047
		Map output records=257638236
		Map output bytes=25768502710
		Map output materialized bytes=26284213912
		Input split bytes=43642
		Combine input records=257398417
		Combine output records=257658037
		Reduce input groups=256693067
		Reduce shuffle bytes=26235235204
		Reduce input records=257594034
		Reduce output records=257672041
		Spilled Records=589569483
		Shuffled Maps =2685
		Failed Shuffles=0
		Merged Map outputs=2638
		GC time elapsed (ms)=74372
		CPU time spent (ms)=1959460
		Physical memory (bytes) snapshot=186673324628
		Virtual memory (bytes) snapshot=1016625618572
		Total committed heap usage (bytes)=171326424562
		Peak Map Physical memory (bytes)=638452204
		Peak Map Virtual memory (bytes)=2603093421
		Peak Reduce Physical memory (bytes)=1008252048
		Peak Reduce Virtual memory (bytes)=2676357252
	Shuffle Errors
		BAD_ID=0
		CONNECTION=0
		IO_ERROR=0
		WRONG_LENGTH=0
		WRONG_MAP=0
		WRONG_REDUCE=0
	File Input Format Counters 
		Bytes Read=25830044274
	File Output Format Counters 
		Bytes Written=25768502710
Total time taken: 10598973
===============================================================================
